2023-08-02 18:43:48 -Restarting Consumer@40df6090: tags=[[amq.ctag-ii-DH3QXslzAM9pQXnwmHA]], channel=Cached Rabbit Channel: PublisherCallbackChannelImpl: AMQChannel(amqp://admin@127.0.0.1:5672/,1), conn: Proxy@5b29ab61 Shared Rabbit Connection: SimpleConnection@280fafd [delegate=amqp://admin@127.0.0.1:5672/, localPort= 64457], acknowledgeMode=MANUAL local queue size=0
2023-08-02 18:43:48 -Attempting to connect to: [localhost:5672]
2023-08-02 18:43:53 -An unexpected connection driver error occurred (Exception message: Socket closed)
2023-08-02 18:43:55 -An unexpected connection driver error occurred (Exception message: Connection reset)
2023-08-02 18:43:55 -Failed to check/redeclare auto-delete queue(s).
org.springframework.amqp.AmqpIOException: java.io.IOException
	at org.springframework.amqp.rabbit.support.RabbitExceptionTranslator.convertRabbitAccessException(RabbitExceptionTranslator.java:70)
	at org.springframework.amqp.rabbit.connection.AbstractConnectionFactory.createBareConnection(AbstractConnectionFactory.java:603)
	at org.springframework.amqp.rabbit.connection.CachingConnectionFactory.createConnection(CachingConnectionFactory.java:725)
	at org.springframework.amqp.rabbit.connection.CachingConnectionFactory.createBareChannel(CachingConnectionFactory.java:676)
	at org.springframework.amqp.rabbit.connection.CachingConnectionFactory.getCachedChannelProxy(CachingConnectionFactory.java:650)
	at org.springframework.amqp.rabbit.connection.CachingConnectionFactory.getChannel(CachingConnectionFactory.java:540)
	at org.springframework.amqp.rabbit.connection.CachingConnectionFactory.access$1600(CachingConnectionFactory.java:100)
	at org.springframework.amqp.rabbit.connection.CachingConnectionFactory$ChannelCachingConnectionProxy.createChannel(CachingConnectionFactory.java:1418)
	at org.springframework.amqp.rabbit.core.RabbitTemplate.doExecute(RabbitTemplate.java:2216)
	at org.springframework.amqp.rabbit.core.RabbitTemplate.execute(RabbitTemplate.java:2183)
	at org.springframework.amqp.rabbit.core.RabbitTemplate.execute(RabbitTemplate.java:2163)
	at org.springframework.amqp.rabbit.core.RabbitAdmin.getQueueInfo(RabbitAdmin.java:463)
	at org.springframework.amqp.rabbit.core.RabbitAdmin.getQueueProperties(RabbitAdmin.java:447)
	at org.springframework.amqp.rabbit.listener.AbstractMessageListenerContainer.attemptDeclarations(AbstractMessageListenerContainer.java:1939)
	at org.springframework.amqp.rabbit.listener.AbstractMessageListenerContainer.redeclareElementsIfNecessary(AbstractMessageListenerContainer.java:1914)
	at org.springframework.amqp.rabbit.listener.SimpleMessageListenerContainer$AsyncMessageProcessingConsumer.initialize(SimpleMessageListenerContainer.java:1384)
	at org.springframework.amqp.rabbit.listener.SimpleMessageListenerContainer$AsyncMessageProcessingConsumer.run(SimpleMessageListenerContainer.java:1230)
	at java.lang.Thread.run(Thread.java:750)
Caused by: java.io.IOException: null
	at com.rabbitmq.client.impl.AMQChannel.wrap(AMQChannel.java:132)
	at com.rabbitmq.client.impl.AMQChannel.wrap(AMQChannel.java:128)
	at com.rabbitmq.client.impl.AMQConnection.start(AMQConnection.java:399)
	at com.rabbitmq.client.ConnectionFactory.newConnection(ConnectionFactory.java:1236)
	at com.rabbitmq.client.ConnectionFactory.newConnection(ConnectionFactory.java:1184)
	at org.springframework.amqp.rabbit.connection.AbstractConnectionFactory.connectAddresses(AbstractConnectionFactory.java:641)
	at org.springframework.amqp.rabbit.connection.AbstractConnectionFactory.connect(AbstractConnectionFactory.java:616)
	at org.springframework.amqp.rabbit.connection.AbstractConnectionFactory.createBareConnection(AbstractConnectionFactory.java:566)
	... 16 common frames omitted
Caused by: com.rabbitmq.client.ShutdownSignalException: connection error
	at com.rabbitmq.utility.ValueOrException.getValue(ValueOrException.java:66)
	at com.rabbitmq.utility.BlockingValueOrException.uninterruptibleGetValue(BlockingValueOrException.java:36)
	at com.rabbitmq.client.impl.AMQChannel$BlockingRpcContinuation.getReply(AMQChannel.java:505)
	at com.rabbitmq.client.impl.AMQConnection.start(AMQConnection.java:329)
	... 21 common frames omitted
Caused by: java.net.SocketException: Connection reset
	at java.net.SocketInputStream.read(SocketInputStream.java:210)
	at java.net.SocketInputStream.read(SocketInputStream.java:141)
	at java.io.BufferedInputStream.fill(BufferedInputStream.java:246)
	at java.io.BufferedInputStream.read(BufferedInputStream.java:265)
	at java.io.DataInputStream.readUnsignedByte(DataInputStream.java:288)
	at com.rabbitmq.client.impl.Frame.readFrom(Frame.java:91)
	at com.rabbitmq.client.impl.SocketFrameHandler.readFrame(SocketFrameHandler.java:188)
	at com.rabbitmq.client.impl.AMQConnection$MainLoop.run(AMQConnection.java:672)
	... 1 common frames omitted
2023-08-02 18:43:55 -Attempting to connect to: [localhost:5672]
2023-08-02 18:44:00 -Consumer raised exception, processing can restart if the connection factory supports it. Exception summary: org.springframework.amqp.AmqpConnectException: java.net.ConnectException: Connection refused (Connection refused)
2023-08-02 18:44:00 -Restarting Consumer@78dc04c: tags=[[]], channel=null, acknowledgeMode=MANUAL local queue size=0
2023-08-02 18:44:00 -Attempting to connect to: [localhost:5672]
2023-08-02 18:44:00 -Failed to check/redeclare auto-delete queue(s).
2023-08-02 18:44:00 -Attempting to connect to: [localhost:5672]
2023-08-02 18:44:05 -Waiting for workers to finish.
2023-08-02 18:44:05 -Successfully waited for workers to finish.
2023-08-02 18:44:05 -Shutdown ignored - container is already stopped
