2023-08-01 10:33:38 -HV000001: Hibernate Validator 6.2.5.Final
2023-08-01 10:33:38 -Starting Application using Java 1.8.0_362 on xiongweiMac.local with PID 2590 (/Users/xiongwei/project/java/E-IM-Server/im-service/target/classes started by xiongwei in /Users/xiongwei/project/java/E-IM-Server)
2023-08-01 10:33:38 -The following 1 profile is active: "dev"
2023-08-01 10:33:39 -Multiple Spring Data modules found, entering strict repository configuration mode
2023-08-01 10:33:39 -Bootstrapping Spring Data Redis repositories in DEFAULT mode.
2023-08-01 10:33:39 -Finished Spring Data repository scanning in 5 ms. Found 0 Redis repository interfaces.
2023-08-01 10:33:39 -Tomcat initialized with port(s): 8000 (http)
2023-08-01 10:33:39 -Initializing ProtocolHandler ["http-nio-8000"]
2023-08-01 10:33:39 -Starting service [Tomcat]
2023-08-01 10:33:39 -Starting Servlet engine: [Apache Tomcat/9.0.73]
2023-08-01 10:33:39 -Initializing Spring embedded WebApplicationContext
2023-08-01 10:33:39 -Root WebApplicationContext: initialization completed in 669 ms
2023-08-01 10:33:39 -class top.emanjusaka.eim.service.friendship.dao.ImFriendShipEntity ,Not found @TableId annotation, Cannot use Mybatis-Plus 'xxById' Method.
2023-08-01 10:33:39 -class top.emanjusaka.eim.service.user.dao.ImUserDataEntity ,Not found @TableId annotation, Cannot use Mybatis-Plus 'xxById' Method.
2023-08-01 10:33:40 -Exception encountered during context initialization - cancelling refresh attempt: org.springframework.beans.factory.UnsatisfiedDependencyException: Error creating bean with name 'imFriendServiceImpl': Unsatisfied dependency expressed through field 'imUserService'; nested exception is org.springframework.beans.factory.UnsatisfiedDependencyException: Error creating bean with name 'imUserServiceImpl': Unsatisfied dependency expressed through field 'imGroupService'; nested exception is org.springframework.beans.factory.UnsatisfiedDependencyException: Error creating bean with name 'imGroupServiceImpl': Unsatisfied dependency expressed through field 'groupMemberService'; nested exception is org.springframework.beans.factory.UnsatisfiedDependencyException: Error creating bean with name 'imGroupMemberServiceImpl': Unsatisfied dependency expressed through field 'groupService'; nested exception is org.springframework.beans.factory.BeanCurrentlyInCreationException: Error creating bean with name 'imGroupServiceImpl': Requested bean is currently in creation: Is there an unresolvable circular reference?
2023-08-01 10:33:40 -Stopping service [Tomcat]
2023-08-01 10:33:40 -

Error starting ApplicationContext. To display the conditions report re-run your application with 'debug' enabled.
2023-08-01 10:33:40 -

***************************
APPLICATION FAILED TO START
***************************

Description:

The dependencies of some of the beans in the application context form a cycle:

   imFriendServiceImpl (field top.emanjusaka.eim.service.user.service.ImUserService top.emanjusaka.eim.service.friendship.service.impl.ImFriendServiceImpl.imUserService)
      ↓
   imUserServiceImpl (field top.emanjusaka.eim.service.group.service.ImGroupService top.emanjusaka.eim.service.user.service.impl.ImUserServiceImpl.imGroupService)
┌─────┐
|  imGroupServiceImpl (field top.emanjusaka.eim.service.group.service.ImGroupMemberService top.emanjusaka.eim.service.group.service.impl.ImGroupServiceImpl.groupMemberService)
↑     ↓
|  imGroupMemberServiceImpl (field top.emanjusaka.eim.service.group.service.ImGroupService top.emanjusaka.eim.service.group.service.impl.ImGroupMemberServiceImpl.groupService)
└─────┘


Action:

Relying upon circular references is discouraged and they are prohibited by default. Update your application to remove the dependency cycle between beans. As a last resort, it may be possible to break the cycle automatically by setting spring.main.allow-circular-references to true.

2023-08-01 13:38:24 -HV000001: Hibernate Validator 6.2.5.Final
2023-08-01 13:38:24 -Starting Application using Java 1.8.0_362 on xiongweiMac.local with PID 9181 (/Users/xiongwei/project/java/E-IM-Server/im-service/target/classes started by xiongwei in /Users/xiongwei/project/java/E-IM-Server)
2023-08-01 13:38:24 -The following 1 profile is active: "dev"
2023-08-01 13:38:24 -Multiple Spring Data modules found, entering strict repository configuration mode
2023-08-01 13:38:24 -Bootstrapping Spring Data Redis repositories in DEFAULT mode.
2023-08-01 13:38:24 -Finished Spring Data repository scanning in 5 ms. Found 0 Redis repository interfaces.
2023-08-01 13:38:24 -Tomcat initialized with port(s): 8000 (http)
2023-08-01 13:38:24 -Initializing ProtocolHandler ["http-nio-8000"]
2023-08-01 13:38:24 -Starting service [Tomcat]
2023-08-01 13:38:24 -Starting Servlet engine: [Apache Tomcat/9.0.73]
2023-08-01 13:38:24 -Initializing Spring embedded WebApplicationContext
2023-08-01 13:38:24 -Root WebApplicationContext: initialization completed in 688 ms
2023-08-01 13:38:24 -class top.emanjusaka.eim.service.friendship.dao.ImFriendShipEntity ,Not found @TableId annotation, Cannot use Mybatis-Plus 'xxById' Method.
2023-08-01 13:38:24 -class top.emanjusaka.eim.service.user.dao.ImUserDataEntity ,Not found @TableId annotation, Cannot use Mybatis-Plus 'xxById' Method.
2023-08-01 13:38:25 -Exception encountered during context initialization - cancelling refresh attempt: org.springframework.beans.factory.UnsatisfiedDependencyException: Error creating bean with name 'imFriendServiceImpl': Unsatisfied dependency expressed through field 'imUserService'; nested exception is org.springframework.beans.factory.UnsatisfiedDependencyException: Error creating bean with name 'imUserServiceImpl': Unsatisfied dependency expressed through field 'imGroupService'; nested exception is org.springframework.beans.factory.UnsatisfiedDependencyException: Error creating bean with name 'imGroupServiceImpl': Unsatisfied dependency expressed through field 'groupMemberService'; nested exception is org.springframework.beans.factory.UnsatisfiedDependencyException: Error creating bean with name 'imGroupMemberServiceImpl': Unsatisfied dependency expressed through field 'groupService'; nested exception is org.springframework.beans.factory.BeanCurrentlyInCreationException: Error creating bean with name 'imGroupServiceImpl': Requested bean is currently in creation: Is there an unresolvable circular reference?
2023-08-01 13:38:25 -Stopping service [Tomcat]
2023-08-01 13:38:25 -

Error starting ApplicationContext. To display the conditions report re-run your application with 'debug' enabled.
2023-08-01 13:38:25 -

***************************
APPLICATION FAILED TO START
***************************

Description:

The dependencies of some of the beans in the application context form a cycle:

   imFriendServiceImpl (field top.emanjusaka.eim.service.user.service.ImUserService top.emanjusaka.eim.service.friendship.service.impl.ImFriendServiceImpl.imUserService)
      ↓
   imUserServiceImpl (field top.emanjusaka.eim.service.group.service.ImGroupService top.emanjusaka.eim.service.user.service.impl.ImUserServiceImpl.imGroupService)
┌─────┐
|  imGroupServiceImpl (field top.emanjusaka.eim.service.group.service.ImGroupMemberService top.emanjusaka.eim.service.group.service.impl.ImGroupServiceImpl.groupMemberService)
↑     ↓
|  imGroupMemberServiceImpl (field top.emanjusaka.eim.service.group.service.ImGroupService top.emanjusaka.eim.service.group.service.impl.ImGroupMemberServiceImpl.groupService)
└─────┘


Action:

Relying upon circular references is discouraged and they are prohibited by default. Update your application to remove the dependency cycle between beans. As a last resort, it may be possible to break the cycle automatically by setting spring.main.allow-circular-references to true.

2023-08-01 13:41:48 -Starting Application using Java 1.8.0_362 on xiongweiMac.local with PID 9224 (/Users/xiongwei/project/java/E-IM-Server/im-service/target/classes started by xiongwei in /Users/xiongwei/project/java/E-IM-Server)
2023-08-01 13:41:48 -HV000001: Hibernate Validator 6.2.5.Final
2023-08-01 13:41:48 -The following 1 profile is active: "dev"
2023-08-01 13:41:49 -Multiple Spring Data modules found, entering strict repository configuration mode
2023-08-01 13:41:49 -Bootstrapping Spring Data Redis repositories in DEFAULT mode.
2023-08-01 13:41:49 -Finished Spring Data repository scanning in 5 ms. Found 0 Redis repository interfaces.
2023-08-01 13:41:49 -Tomcat initialized with port(s): 8000 (http)
2023-08-01 13:41:49 -Initializing ProtocolHandler ["http-nio-8000"]
2023-08-01 13:41:49 -Starting service [Tomcat]
2023-08-01 13:41:49 -Starting Servlet engine: [Apache Tomcat/9.0.73]
2023-08-01 13:41:49 -Initializing Spring embedded WebApplicationContext
2023-08-01 13:41:49 -Root WebApplicationContext: initialization completed in 678 ms
2023-08-01 13:41:49 -class top.emanjusaka.eim.service.friendship.dao.ImFriendShipEntity ,Not found @TableId annotation, Cannot use Mybatis-Plus 'xxById' Method.
2023-08-01 13:41:49 -class top.emanjusaka.eim.service.user.dao.ImUserDataEntity ,Not found @TableId annotation, Cannot use Mybatis-Plus 'xxById' Method.
2023-08-01 13:41:49 -Exception encountered during context initialization - cancelling refresh attempt: org.springframework.beans.factory.UnsatisfiedDependencyException: Error creating bean with name 'imFriendServiceImpl': Unsatisfied dependency expressed through field 'imUserService'; nested exception is org.springframework.beans.factory.UnsatisfiedDependencyException: Error creating bean with name 'imUserServiceImpl': Unsatisfied dependency expressed through field 'imGroupService'; nested exception is org.springframework.beans.factory.UnsatisfiedDependencyException: Error creating bean with name 'imGroupServiceImpl': Unsatisfied dependency expressed through field 'groupMessageProducer'; nested exception is org.springframework.beans.factory.UnsatisfiedDependencyException: Error creating bean with name 'groupMessageProducer': Unsatisfied dependency expressed through field 'imGroupMemberService'; nested exception is org.springframework.beans.factory.UnsatisfiedDependencyException: Error creating bean with name 'imGroupMemberServiceImpl': Unsatisfied dependency expressed through field 'imUserService'; nested exception is org.springframework.beans.factory.BeanCurrentlyInCreationException: Error creating bean with name 'imUserServiceImpl': Requested bean is currently in creation: Is there an unresolvable circular reference?
2023-08-01 13:41:49 -Stopping service [Tomcat]
2023-08-01 13:41:49 -

Error starting ApplicationContext. To display the conditions report re-run your application with 'debug' enabled.
2023-08-01 13:41:49 -

***************************
APPLICATION FAILED TO START
***************************

Description:

The dependencies of some of the beans in the application context form a cycle:

   imFriendServiceImpl (field top.emanjusaka.eim.service.user.service.ImUserService top.emanjusaka.eim.service.friendship.service.impl.ImFriendServiceImpl.imUserService)
┌─────┐
|  imUserServiceImpl (field top.emanjusaka.eim.service.group.service.ImGroupService top.emanjusaka.eim.service.user.service.impl.ImUserServiceImpl.imGroupService)
↑     ↓
|  imGroupServiceImpl (field top.emanjusaka.eim.service.utils.GroupMessageProducer top.emanjusaka.eim.service.group.service.impl.ImGroupServiceImpl.groupMessageProducer)
↑     ↓
|  groupMessageProducer (field top.emanjusaka.eim.service.group.service.ImGroupMemberService top.emanjusaka.eim.service.utils.GroupMessageProducer.imGroupMemberService)
↑     ↓
|  imGroupMemberServiceImpl (field top.emanjusaka.eim.service.user.service.ImUserService top.emanjusaka.eim.service.group.service.impl.ImGroupMemberServiceImpl.imUserService)
└─────┘


Action:

Relying upon circular references is discouraged and they are prohibited by default. Update your application to remove the dependency cycle between beans. As a last resort, it may be possible to break the cycle automatically by setting spring.main.allow-circular-references to true.

2023-08-01 13:42:29 -HV000001: Hibernate Validator 6.2.5.Final
2023-08-01 13:42:29 -Starting Application using Java 1.8.0_362 on xiongweiMac.local with PID 9232 (/Users/xiongwei/project/java/E-IM-Server/im-service/target/classes started by xiongwei in /Users/xiongwei/project/java/E-IM-Server)
2023-08-01 13:42:29 -The following 1 profile is active: "dev"
2023-08-01 13:42:29 -Multiple Spring Data modules found, entering strict repository configuration mode
2023-08-01 13:42:29 -Bootstrapping Spring Data Redis repositories in DEFAULT mode.
2023-08-01 13:42:29 -Finished Spring Data repository scanning in 5 ms. Found 0 Redis repository interfaces.
2023-08-01 13:42:29 -Tomcat initialized with port(s): 8000 (http)
2023-08-01 13:42:30 -Initializing ProtocolHandler ["http-nio-8000"]
2023-08-01 13:42:30 -Starting service [Tomcat]
2023-08-01 13:42:30 -Starting Servlet engine: [Apache Tomcat/9.0.73]
2023-08-01 13:42:30 -Initializing Spring embedded WebApplicationContext
2023-08-01 13:42:30 -Root WebApplicationContext: initialization completed in 624 ms
2023-08-01 13:42:30 -class top.emanjusaka.eim.service.friendship.dao.ImFriendShipEntity ,Not found @TableId annotation, Cannot use Mybatis-Plus 'xxById' Method.
2023-08-01 13:42:30 -class top.emanjusaka.eim.service.user.dao.ImUserDataEntity ,Not found @TableId annotation, Cannot use Mybatis-Plus 'xxById' Method.
2023-08-01 13:42:30 -Exception encountered during context initialization - cancelling refresh attempt: org.springframework.beans.factory.UnsatisfiedDependencyException: Error creating bean with name 'ZKit': Unsatisfied dependency expressed through field 'zkClient'; nested exception is org.springframework.beans.factory.NoSuchBeanDefinitionException: No qualifying bean of type 'org.I0Itec.zkclient.ZkClient' available: expected at least 1 bean which qualifies as autowire candidate. Dependency annotations: {@org.springframework.beans.factory.annotation.Autowired(required=true)}
2023-08-01 13:42:30 -Stopping service [Tomcat]
2023-08-01 13:42:30 -

Error starting ApplicationContext. To display the conditions report re-run your application with 'debug' enabled.
2023-08-01 13:42:30 -

***************************
APPLICATION FAILED TO START
***************************

Description:

Field zkClient in top.emanjusaka.eim.service.utils.ZKit required a bean of type 'org.I0Itec.zkclient.ZkClient' that could not be found.

The injection point has the following annotations:
	- @org.springframework.beans.factory.annotation.Autowired(required=true)


Action:

Consider defining a bean of type 'org.I0Itec.zkclient.ZkClient' in your configuration.

2023-08-01 13:46:02 -HV000001: Hibernate Validator 6.2.5.Final
2023-08-01 13:46:02 -Starting Application using Java 1.8.0_362 on xiongweiMac.local with PID 9256 (/Users/xiongwei/project/java/E-IM-Server/im-service/target/classes started by xiongwei in /Users/xiongwei/project/java/E-IM-Server)
2023-08-01 13:46:02 -The following 1 profile is active: "dev"
2023-08-01 13:46:02 -Multiple Spring Data modules found, entering strict repository configuration mode
2023-08-01 13:46:02 -Bootstrapping Spring Data Redis repositories in DEFAULT mode.
2023-08-01 13:46:02 -Finished Spring Data repository scanning in 5 ms. Found 0 Redis repository interfaces.
2023-08-01 13:46:02 -Tomcat initialized with port(s): 8000 (http)
2023-08-01 13:46:02 -Initializing ProtocolHandler ["http-nio-8000"]
2023-08-01 13:46:02 -Starting service [Tomcat]
2023-08-01 13:46:02 -Starting Servlet engine: [Apache Tomcat/9.0.73]
2023-08-01 13:46:02 -Initializing Spring embedded WebApplicationContext
2023-08-01 13:46:02 -Root WebApplicationContext: initialization completed in 618 ms
2023-08-01 13:46:03 -class top.emanjusaka.eim.service.friendship.dao.ImFriendShipEntity ,Not found @TableId annotation, Cannot use Mybatis-Plus 'xxById' Method.
2023-08-01 13:46:03 -class top.emanjusaka.eim.service.user.dao.ImUserDataEntity ,Not found @TableId annotation, Cannot use Mybatis-Plus 'xxById' Method.
2023-08-01 13:46:03 -Exception encountered during context initialization - cancelling refresh attempt: org.springframework.beans.factory.BeanCreationException: Error creating bean with name 'ZKit': Injection of resource dependencies failed; nested exception is org.springframework.beans.factory.NoSuchBeanDefinitionException: No qualifying bean of type 'org.I0Itec.zkclient.ZkClient' available: expected at least 1 bean which qualifies as autowire candidate. Dependency annotations: {@javax.annotation.Resource(shareable=true, lookup=, name=, description=, authenticationType=CONTAINER, type=class java.lang.Object, mappedName=)}
2023-08-01 13:46:03 -Stopping service [Tomcat]
2023-08-01 13:46:03 -

Error starting ApplicationContext. To display the conditions report re-run your application with 'debug' enabled.
2023-08-01 13:46:03 -

***************************
APPLICATION FAILED TO START
***************************

Description:

A component required a bean of type 'org.I0Itec.zkclient.ZkClient' that could not be found.


Action:

Consider defining a bean of type 'org.I0Itec.zkclient.ZkClient' in your configuration.

2023-08-01 13:53:46 -HV000001: Hibernate Validator 6.2.5.Final
2023-08-01 13:53:46 -Starting Application using Java 1.8.0_362 on xiongweiMac.local with PID 9414 (/Users/xiongwei/project/java/E-IM-Server/im-service/target/classes started by xiongwei in /Users/xiongwei/project/java/E-IM-Server)
2023-08-01 13:53:46 -The following 1 profile is active: "dev"
2023-08-01 13:53:46 -Multiple Spring Data modules found, entering strict repository configuration mode
2023-08-01 13:53:46 -Bootstrapping Spring Data Redis repositories in DEFAULT mode.
2023-08-01 13:53:46 -Finished Spring Data repository scanning in 6 ms. Found 0 Redis repository interfaces.
2023-08-01 13:53:47 -Tomcat initialized with port(s): 8000 (http)
2023-08-01 13:53:47 -Initializing ProtocolHandler ["http-nio-8000"]
2023-08-01 13:53:47 -Starting service [Tomcat]
2023-08-01 13:53:47 -Starting Servlet engine: [Apache Tomcat/9.0.73]
2023-08-01 13:53:47 -Initializing Spring embedded WebApplicationContext
2023-08-01 13:53:47 -Root WebApplicationContext: initialization completed in 649 ms
2023-08-01 13:53:47 -Exception encountered during context initialization - cancelling refresh attempt: org.springframework.beans.factory.BeanCreationException: Error creating bean with name 'routeHandle' defined in class path resource [top/emanjusaka/eim/service/config/BeanConfig.class]: Bean instantiation via factory method failed; nested exception is org.springframework.beans.BeanInstantiationException: Failed to instantiate [top.emanjusaka.eim.common.route.RouteHandle]: Factory method 'routeHandle' threw exception; nested exception is java.lang.ClassNotFoundException: com.lld.im.common.route.algorithm.random.RandomHandle
2023-08-01 13:53:47 -Stopping service [Tomcat]
2023-08-01 13:53:47 -

Error starting ApplicationContext. To display the conditions report re-run your application with 'debug' enabled.
2023-08-01 13:53:47 -Application run failed
org.springframework.beans.factory.BeanCreationException: Error creating bean with name 'routeHandle' defined in class path resource [top/emanjusaka/eim/service/config/BeanConfig.class]: Bean instantiation via factory method failed; nested exception is org.springframework.beans.BeanInstantiationException: Failed to instantiate [top.emanjusaka.eim.common.route.RouteHandle]: Factory method 'routeHandle' threw exception; nested exception is java.lang.ClassNotFoundException: com.lld.im.common.route.algorithm.random.RandomHandle
	at org.springframework.beans.factory.support.ConstructorResolver.instantiate(ConstructorResolver.java:658)
	at org.springframework.beans.factory.support.ConstructorResolver.instantiateUsingFactoryMethod(ConstructorResolver.java:486)
	at org.springframework.beans.factory.support.AbstractAutowireCapableBeanFactory.instantiateUsingFactoryMethod(AbstractAutowireCapableBeanFactory.java:1352)
	at org.springframework.beans.factory.support.AbstractAutowireCapableBeanFactory.createBeanInstance(AbstractAutowireCapableBeanFactory.java:1195)
	at org.springframework.beans.factory.support.AbstractAutowireCapableBeanFactory.doCreateBean(AbstractAutowireCapableBeanFactory.java:582)
	at org.springframework.beans.factory.support.AbstractAutowireCapableBeanFactory.createBean(AbstractAutowireCapableBeanFactory.java:542)
	at org.springframework.beans.factory.support.AbstractBeanFactory.lambda$doGetBean$0(AbstractBeanFactory.java:335)
	at org.springframework.beans.factory.support.DefaultSingletonBeanRegistry.getSingleton(DefaultSingletonBeanRegistry.java:234)
	at org.springframework.beans.factory.support.AbstractBeanFactory.doGetBean(AbstractBeanFactory.java:333)
	at org.springframework.beans.factory.support.AbstractBeanFactory.getBean(AbstractBeanFactory.java:208)
	at org.springframework.beans.factory.support.DefaultListableBeanFactory.preInstantiateSingletons(DefaultListableBeanFactory.java:955)
	at org.springframework.context.support.AbstractApplicationContext.finishBeanFactoryInitialization(AbstractApplicationContext.java:920)
	at org.springframework.context.support.AbstractApplicationContext.refresh(AbstractApplicationContext.java:583)
	at org.springframework.boot.web.servlet.context.ServletWebServerApplicationContext.refresh(ServletWebServerApplicationContext.java:147)
	at org.springframework.boot.SpringApplication.refresh(SpringApplication.java:731)
	at org.springframework.boot.SpringApplication.refreshContext(SpringApplication.java:408)
	at org.springframework.boot.SpringApplication.run(SpringApplication.java:307)
	at org.springframework.boot.SpringApplication.run(SpringApplication.java:1303)
	at org.springframework.boot.SpringApplication.run(SpringApplication.java:1292)
	at top.emanjusaka.eim.service.Application.main(Application.java:12)
Caused by: org.springframework.beans.BeanInstantiationException: Failed to instantiate [top.emanjusaka.eim.common.route.RouteHandle]: Factory method 'routeHandle' threw exception; nested exception is java.lang.ClassNotFoundException: com.lld.im.common.route.algorithm.random.RandomHandle
	at org.springframework.beans.factory.support.SimpleInstantiationStrategy.instantiate(SimpleInstantiationStrategy.java:185)
	at org.springframework.beans.factory.support.ConstructorResolver.instantiate(ConstructorResolver.java:653)
	... 19 common frames omitted
Caused by: java.lang.ClassNotFoundException: com.lld.im.common.route.algorithm.random.RandomHandle
	at java.net.URLClassLoader.findClass(URLClassLoader.java:387)
	at java.lang.ClassLoader.loadClass(ClassLoader.java:419)
	at sun.misc.Launcher$AppClassLoader.loadClass(Launcher.java:352)
	at java.lang.ClassLoader.loadClass(ClassLoader.java:352)
	at java.lang.Class.forName0(Native Method)
	at java.lang.Class.forName(Class.java:264)
	at top.emanjusaka.eim.service.config.BeanConfig.routeHandle(BeanConfig.java:42)
	at top.emanjusaka.eim.service.config.BeanConfig$$EnhancerBySpringCGLIB$$a3031a69.CGLIB$routeHandle$1(<generated>)
	at top.emanjusaka.eim.service.config.BeanConfig$$EnhancerBySpringCGLIB$$a3031a69$$FastClassBySpringCGLIB$$c4d3e612.invoke(<generated>)
	at org.springframework.cglib.proxy.MethodProxy.invokeSuper(MethodProxy.java:244)
	at org.springframework.context.annotation.ConfigurationClassEnhancer$BeanMethodInterceptor.intercept(ConfigurationClassEnhancer.java:331)
	at top.emanjusaka.eim.service.config.BeanConfig$$EnhancerBySpringCGLIB$$a3031a69.routeHandle(<generated>)
	at sun.reflect.NativeMethodAccessorImpl.invoke0(Native Method)
	at sun.reflect.NativeMethodAccessorImpl.invoke(NativeMethodAccessorImpl.java:62)
	at sun.reflect.DelegatingMethodAccessorImpl.invoke(DelegatingMethodAccessorImpl.java:43)
	at java.lang.reflect.Method.invoke(Method.java:498)
	at org.springframework.beans.factory.support.SimpleInstantiationStrategy.instantiate(SimpleInstantiationStrategy.java:154)
	... 20 common frames omitted
2023-08-01 13:55:03 -HV000001: Hibernate Validator 6.2.5.Final
2023-08-01 13:55:03 -Starting Application using Java 1.8.0_362 on xiongweiMac.local with PID 9440 (/Users/xiongwei/project/java/E-IM-Server/im-service/target/classes started by xiongwei in /Users/xiongwei/project/java/E-IM-Server)
2023-08-01 13:55:03 -The following 1 profile is active: "dev"
2023-08-01 13:55:03 -Multiple Spring Data modules found, entering strict repository configuration mode
2023-08-01 13:55:03 -Bootstrapping Spring Data Redis repositories in DEFAULT mode.
2023-08-01 13:55:03 -Finished Spring Data repository scanning in 6 ms. Found 0 Redis repository interfaces.
2023-08-01 13:55:04 -Tomcat initialized with port(s): 8000 (http)
2023-08-01 13:55:04 -Initializing ProtocolHandler ["http-nio-8000"]
2023-08-01 13:55:04 -Starting service [Tomcat]
2023-08-01 13:55:04 -Starting Servlet engine: [Apache Tomcat/9.0.73]
2023-08-01 13:55:04 -Initializing Spring embedded WebApplicationContext
2023-08-01 13:55:04 -Root WebApplicationContext: initialization completed in 643 ms
2023-08-01 13:55:04 -Starting ProtocolHandler ["http-nio-8000"]
2023-08-01 13:55:04 -Tomcat started on port(s): 8000 (http) with context path ''
2023-08-01 13:55:04 -Started Application in 1.651 seconds (JVM running for 1.925)
2023-08-01 14:01:35 -HV000001: Hibernate Validator 6.2.5.Final
2023-08-01 14:01:35 -Starting Application using Java 1.8.0_362 on xiongweiMac.local with PID 9499 (/Users/xiongwei/project/java/E-IM-Server/im-service/target/classes started by xiongwei in /Users/xiongwei/project/java/E-IM-Server)
2023-08-01 14:01:35 -The following 1 profile is active: "dev"
2023-08-01 14:01:35 -Multiple Spring Data modules found, entering strict repository configuration mode
2023-08-01 14:01:35 -Bootstrapping Spring Data Redis repositories in DEFAULT mode.
2023-08-01 14:01:35 -Finished Spring Data repository scanning in 6 ms. Found 0 Redis repository interfaces.
2023-08-01 14:01:35 -Tomcat initialized with port(s): 8000 (http)
2023-08-01 14:01:35 -Initializing ProtocolHandler ["http-nio-8000"]
2023-08-01 14:01:35 -Starting service [Tomcat]
2023-08-01 14:01:35 -Starting Servlet engine: [Apache Tomcat/9.0.73]
2023-08-01 14:01:35 -Initializing Spring embedded WebApplicationContext
2023-08-01 14:01:35 -Root WebApplicationContext: initialization completed in 702 ms
2023-08-01 14:01:36 -Starting ProtocolHandler ["http-nio-8000"]
2023-08-01 14:01:36 -Tomcat started on port(s): 8000 (http) with context path ''
2023-08-01 14:01:36 -Started Application in 1.712 seconds (JVM running for 1.984)
2023-08-01 15:55:24 -HV000001: Hibernate Validator 6.2.5.Final
2023-08-01 15:55:24 -Starting Application using Java 1.8.0_362 on xiongweiMac.local with PID 10610 (/Users/xiongwei/project/java/E-IM-Server/im-service/target/classes started by xiongwei in /Users/xiongwei/project/java/E-IM-Server)
2023-08-01 15:55:24 -The following 1 profile is active: "dev"
2023-08-01 15:55:25 -Multiple Spring Data modules found, entering strict repository configuration mode
2023-08-01 15:55:25 -Bootstrapping Spring Data Redis repositories in DEFAULT mode.
2023-08-01 15:55:25 -Finished Spring Data repository scanning in 6 ms. Found 0 Redis repository interfaces.
2023-08-01 15:55:25 -Tomcat initialized with port(s): 8000 (http)
2023-08-01 15:55:25 -Initializing ProtocolHandler ["http-nio-8000"]
2023-08-01 15:55:25 -Starting service [Tomcat]
2023-08-01 15:55:25 -Starting Servlet engine: [Apache Tomcat/9.0.73]
2023-08-01 15:55:25 -Initializing Spring embedded WebApplicationContext
2023-08-01 15:55:25 -Root WebApplicationContext: initialization completed in 644 ms
2023-08-01 15:55:26 -Starting ProtocolHandler ["http-nio-8000"]
2023-08-01 15:55:26 -Tomcat started on port(s): 8000 (http) with context path ''
2023-08-01 15:55:26 -Attempting to connect to: [localhost:5672]
2023-08-01 15:55:26 -Broker not available; cannot force queue declarations during start: java.net.ConnectException: Connection refused (Connection refused)
2023-08-01 15:55:26 -Attempting to connect to: [localhost:5672]
2023-08-01 15:55:26 -Failed to check/redeclare auto-delete queue(s).
org.springframework.amqp.AmqpConnectException: java.net.ConnectException: Connection refused (Connection refused)
	at org.springframework.amqp.rabbit.support.RabbitExceptionTranslator.convertRabbitAccessException(RabbitExceptionTranslator.java:61)
	at org.springframework.amqp.rabbit.connection.AbstractConnectionFactory.createBareConnection(AbstractConnectionFactory.java:603)
	at org.springframework.amqp.rabbit.connection.CachingConnectionFactory.createConnection(CachingConnectionFactory.java:725)
	at org.springframework.amqp.rabbit.connection.ConnectionFactoryUtils.createConnection(ConnectionFactoryUtils.java:252)
	at org.springframework.amqp.rabbit.core.RabbitTemplate.doExecute(RabbitTemplate.java:2210)
	at org.springframework.amqp.rabbit.core.RabbitTemplate.execute(RabbitTemplate.java:2183)
	at org.springframework.amqp.rabbit.core.RabbitTemplate.execute(RabbitTemplate.java:2163)
	at org.springframework.amqp.rabbit.core.RabbitAdmin.getQueueInfo(RabbitAdmin.java:463)
	at org.springframework.amqp.rabbit.core.RabbitAdmin.getQueueProperties(RabbitAdmin.java:447)
	at org.springframework.amqp.rabbit.listener.AbstractMessageListenerContainer.attemptDeclarations(AbstractMessageListenerContainer.java:1939)
	at org.springframework.amqp.rabbit.listener.AbstractMessageListenerContainer.redeclareElementsIfNecessary(AbstractMessageListenerContainer.java:1914)
	at org.springframework.amqp.rabbit.listener.SimpleMessageListenerContainer$AsyncMessageProcessingConsumer.initialize(SimpleMessageListenerContainer.java:1384)
	at org.springframework.amqp.rabbit.listener.SimpleMessageListenerContainer$AsyncMessageProcessingConsumer.run(SimpleMessageListenerContainer.java:1230)
	at java.lang.Thread.run(Thread.java:750)
Caused by: java.net.ConnectException: Connection refused (Connection refused)
	at java.net.PlainSocketImpl.socketConnect(Native Method)
	at java.net.AbstractPlainSocketImpl.doConnect(AbstractPlainSocketImpl.java:350)
	at java.net.AbstractPlainSocketImpl.connectToAddress(AbstractPlainSocketImpl.java:206)
	at java.net.AbstractPlainSocketImpl.connect(AbstractPlainSocketImpl.java:188)
	at java.net.SocksSocketImpl.connect(SocksSocketImpl.java:392)
	at java.net.Socket.connect(Socket.java:613)
	at com.rabbitmq.client.impl.SocketFrameHandlerFactory.create(SocketFrameHandlerFactory.java:61)
	at com.rabbitmq.client.ConnectionFactory.newConnection(ConnectionFactory.java:1234)
	at com.rabbitmq.client.ConnectionFactory.newConnection(ConnectionFactory.java:1184)
	at org.springframework.amqp.rabbit.connection.AbstractConnectionFactory.connectAddresses(AbstractConnectionFactory.java:641)
	at org.springframework.amqp.rabbit.connection.AbstractConnectionFactory.connect(AbstractConnectionFactory.java:616)
	at org.springframework.amqp.rabbit.connection.AbstractConnectionFactory.createBareConnection(AbstractConnectionFactory.java:566)
	... 12 common frames omitted
2023-08-01 15:55:26 -Attempting to connect to: [localhost:5672]
2023-08-01 15:55:26 -Started Application in 1.734 seconds (JVM running for 2.013)
2023-08-01 15:55:31 -Consumer raised exception, processing can restart if the connection factory supports it. Exception summary: org.springframework.amqp.AmqpConnectException: java.net.ConnectException: Connection refused (Connection refused)
2023-08-01 15:55:31 -Restarting Consumer@4026461d: tags=[[]], channel=null, acknowledgeMode=MANUAL local queue size=0
2023-08-01 15:55:31 -Attempting to connect to: [localhost:5672]
2023-08-01 15:55:31 -Failed to check/redeclare auto-delete queue(s).
2023-08-01 15:55:31 -Attempting to connect to: [localhost:5672]
2023-08-01 15:55:36 -Consumer raised exception, processing can restart if the connection factory supports it. Exception summary: org.springframework.amqp.AmqpConnectException: java.net.ConnectException: Connection refused (Connection refused)
2023-08-01 15:55:36 -Restarting Consumer@5577a855: tags=[[]], channel=null, acknowledgeMode=MANUAL local queue size=0
2023-08-01 15:55:36 -Attempting to connect to: [localhost:5672]
2023-08-01 15:55:36 -Failed to check/redeclare auto-delete queue(s).
2023-08-01 15:55:36 -Attempting to connect to: [localhost:5672]
2023-08-01 15:55:41 -Consumer raised exception, processing can restart if the connection factory supports it. Exception summary: org.springframework.amqp.AmqpConnectException: java.net.ConnectException: Connection refused (Connection refused)
2023-08-01 15:55:41 -Restarting Consumer@2b3a1cd3: tags=[[]], channel=null, acknowledgeMode=MANUAL local queue size=0
2023-08-01 15:55:41 -Attempting to connect to: [localhost:5672]
2023-08-01 15:55:41 -Failed to check/redeclare auto-delete queue(s).
2023-08-01 15:55:41 -Attempting to connect to: [localhost:5672]
2023-08-01 15:55:46 -Consumer raised exception, processing can restart if the connection factory supports it. Exception summary: org.springframework.amqp.AmqpConnectException: java.net.ConnectException: Connection refused (Connection refused)
2023-08-01 15:55:46 -Restarting Consumer@359b002b: tags=[[]], channel=null, acknowledgeMode=MANUAL local queue size=0
2023-08-01 15:55:46 -Attempting to connect to: [localhost:5672]
2023-08-01 15:55:46 -Failed to check/redeclare auto-delete queue(s).
2023-08-01 15:55:46 -Attempting to connect to: [localhost:5672]
2023-08-01 15:55:51 -Consumer raised exception, processing can restart if the connection factory supports it. Exception summary: org.springframework.amqp.AmqpConnectException: java.net.ConnectException: Connection refused (Connection refused)
2023-08-01 15:55:51 -Restarting Consumer@18d53458: tags=[[]], channel=null, acknowledgeMode=MANUAL local queue size=0
2023-08-01 15:55:51 -Attempting to connect to: [localhost:5672]
2023-08-01 15:55:51 -Failed to check/redeclare auto-delete queue(s).
2023-08-01 15:55:51 -Attempting to connect to: [localhost:5672]
2023-08-01 15:55:56 -Consumer raised exception, processing can restart if the connection factory supports it. Exception summary: org.springframework.amqp.AmqpConnectException: java.net.ConnectException: Connection refused (Connection refused)
2023-08-01 15:55:56 -Restarting Consumer@69bc5514: tags=[[]], channel=null, acknowledgeMode=MANUAL local queue size=0
2023-08-01 15:55:56 -Attempting to connect to: [localhost:5672]
2023-08-01 15:55:56 -Failed to check/redeclare auto-delete queue(s).
2023-08-01 15:55:56 -Attempting to connect to: [localhost:5672]
2023-08-01 15:56:01 -Consumer raised exception, processing can restart if the connection factory supports it. Exception summary: org.springframework.amqp.AmqpConnectException: java.net.ConnectException: Connection refused (Connection refused)
2023-08-01 15:56:01 -Restarting Consumer@5364b307: tags=[[]], channel=null, acknowledgeMode=MANUAL local queue size=0
2023-08-01 15:56:01 -Attempting to connect to: [localhost:5672]
2023-08-01 15:56:01 -Failed to check/redeclare auto-delete queue(s).
2023-08-01 15:56:01 -Attempting to connect to: [localhost:5672]
2023-08-01 15:56:06 -Consumer raised exception, processing can restart if the connection factory supports it. Exception summary: org.springframework.amqp.AmqpConnectException: java.net.ConnectException: Connection refused (Connection refused)
2023-08-01 15:56:06 -Restarting Consumer@289b3dfd: tags=[[]], channel=null, acknowledgeMode=MANUAL local queue size=0
2023-08-01 15:56:06 -Attempting to connect to: [localhost:5672]
2023-08-01 15:56:06 -Failed to check/redeclare auto-delete queue(s).
2023-08-01 15:56:06 -Attempting to connect to: [localhost:5672]
2023-08-01 15:56:11 -Consumer raised exception, processing can restart if the connection factory supports it. Exception summary: org.springframework.amqp.AmqpConnectException: java.net.ConnectException: Connection refused (Connection refused)
2023-08-01 15:56:11 -Restarting Consumer@65d3052e: tags=[[]], channel=null, acknowledgeMode=MANUAL local queue size=0
2023-08-01 15:56:11 -Attempting to connect to: [localhost:5672]
2023-08-01 15:56:11 -Failed to check/redeclare auto-delete queue(s).
2023-08-01 15:56:11 -Attempting to connect to: [localhost:5672]
2023-08-01 15:56:17 -Consumer raised exception, processing can restart if the connection factory supports it. Exception summary: org.springframework.amqp.AmqpConnectException: java.net.ConnectException: Connection refused (Connection refused)
2023-08-01 15:56:17 -Restarting Consumer@171dfb3b: tags=[[]], channel=null, acknowledgeMode=MANUAL local queue size=0
2023-08-01 15:56:17 -Attempting to connect to: [localhost:5672]
2023-08-01 15:56:17 -Failed to check/redeclare auto-delete queue(s).
2023-08-01 15:56:17 -Attempting to connect to: [localhost:5672]
2023-08-01 15:56:22 -Consumer raised exception, processing can restart if the connection factory supports it. Exception summary: org.springframework.amqp.AmqpConnectException: java.net.ConnectException: Connection refused (Connection refused)
2023-08-01 15:56:22 -Restarting Consumer@58664504: tags=[[]], channel=null, acknowledgeMode=MANUAL local queue size=0
2023-08-01 15:56:22 -Attempting to connect to: [localhost:5672]
2023-08-01 15:56:22 -Failed to check/redeclare auto-delete queue(s).
2023-08-01 15:56:22 -Attempting to connect to: [localhost:5672]
2023-08-01 15:56:27 -Consumer raised exception, processing can restart if the connection factory supports it. Exception summary: org.springframework.amqp.AmqpConnectException: java.net.ConnectException: Connection refused (Connection refused)
2023-08-01 15:56:27 -Restarting Consumer@2d64117c: tags=[[]], channel=null, acknowledgeMode=MANUAL local queue size=0
2023-08-01 15:56:27 -Attempting to connect to: [localhost:5672]
2023-08-01 15:56:27 -Failed to check/redeclare auto-delete queue(s).
2023-08-01 15:56:27 -Attempting to connect to: [localhost:5672]
2023-08-01 15:56:28 -Waiting for workers to finish.
2023-08-01 15:56:28 -Successfully waited for workers to finish.
2023-08-01 15:56:28 -Shutdown ignored - container is already stopped
2023-08-01 15:56:29 -HV000001: Hibernate Validator 6.2.5.Final
2023-08-01 15:56:29 -Starting Application using Java 1.8.0_362 on xiongweiMac.local with PID 10634 (/Users/xiongwei/project/java/E-IM-Server/im-service/target/classes started by xiongwei in /Users/xiongwei/project/java/E-IM-Server)
2023-08-01 15:56:29 -The following 1 profile is active: "dev"
2023-08-01 15:56:30 -Multiple Spring Data modules found, entering strict repository configuration mode
2023-08-01 15:56:30 -Bootstrapping Spring Data Redis repositories in DEFAULT mode.
2023-08-01 15:56:30 -Finished Spring Data repository scanning in 6 ms. Found 0 Redis repository interfaces.
2023-08-01 15:56:30 -Tomcat initialized with port(s): 8000 (http)
2023-08-01 15:56:30 -Initializing ProtocolHandler ["http-nio-8000"]
2023-08-01 15:56:30 -Starting service [Tomcat]
2023-08-01 15:56:30 -Starting Servlet engine: [Apache Tomcat/9.0.73]
2023-08-01 15:56:30 -Initializing Spring embedded WebApplicationContext
2023-08-01 15:56:30 -Root WebApplicationContext: initialization completed in 660 ms
2023-08-01 15:56:31 -Starting ProtocolHandler ["http-nio-8000"]
2023-08-01 15:56:31 -Tomcat started on port(s): 8000 (http) with context path ''
2023-08-01 15:56:31 -Attempting to connect to: [localhost:5672]
2023-08-01 15:56:31 -Created new connection: rabbitConnectionFactory#1e95b653:0/SimpleConnection@280fafd [delegate=amqp://admin@127.0.0.1:5672/, localPort= 64457]
2023-08-01 15:56:31 -Started Application in 1.787 seconds (JVM running for 2.069)
