2023-08-05 10:49:56 -HV000001: Hibernate Validator 6.2.5.Final
2023-08-05 10:49:56 -Starting AppServiceApplication using Java 1.8.0_362 on xiongweiMac.local with PID 5943 (/Users/xiongwei/project/java/E-IM-Server/im-server/target/classes started by xiongwei in /Users/xiongwei/project/java/E-IM-Server)
2023-08-05 10:49:56 -The following 1 profile is active: "dev"
2023-08-05 10:49:57 -Tomcat initialized with port(s): 8989 (http)
2023-08-05 10:49:57 -Initializing ProtocolHandler ["http-nio-8989"]
2023-08-05 10:49:57 -Starting service [Tomcat]
2023-08-05 10:49:57 -Starting Servlet engine: [Apache Tomcat/9.0.73]
2023-08-05 10:49:57 -Initializing Spring embedded WebApplicationContext
2023-08-05 10:49:57 -Root WebApplicationContext: initialization completed in 498 ms
2023-08-05 10:49:57 -Starting ProtocolHandler ["http-nio-8989"]
2023-08-05 10:49:57 -Tomcat started on port(s): 8989 (http) with context path ''
2023-08-05 10:49:57 -Started AppServiceApplication in 1.236 seconds (JVM running for 1.505)
2023-08-05 11:06:06 -HV000001: Hibernate Validator 6.2.5.Final
2023-08-05 11:06:06 -Starting Application using Java 1.8.0_362 on xiongweiMac.local with PID 8813 (/Users/xiongwei/project/java/E-IM-Server/im-service/target/classes started by xiongwei in /Users/xiongwei/project/java/E-IM-Server)
2023-08-05 11:06:06 -The following 1 profile is active: "dev"
2023-08-05 11:06:06 -Multiple Spring Data modules found, entering strict repository configuration mode
2023-08-05 11:06:06 -Bootstrapping Spring Data Redis repositories in DEFAULT mode.
2023-08-05 11:06:06 -Finished Spring Data repository scanning in 7 ms. Found 0 Redis repository interfaces.
2023-08-05 11:06:07 -Tomcat initialized with port(s): 8000 (http)
2023-08-05 11:06:07 -Initializing ProtocolHandler ["http-nio-8000"]
2023-08-05 11:06:07 -Starting service [Tomcat]
2023-08-05 11:06:07 -Starting Servlet engine: [Apache Tomcat/9.0.73]
2023-08-05 11:06:07 -Initializing Spring embedded WebApplicationContext
2023-08-05 11:06:07 -Root WebApplicationContext: initialization completed in 738 ms
2023-08-05 11:06:08 -Starting ProtocolHandler ["http-nio-8000"]
2023-08-05 11:06:08 -Tomcat started on port(s): 8000 (http) with context path ''
2023-08-05 11:06:08 -Attempting to connect to: [localhost:5672]
2023-08-05 11:06:08 -Created new connection: rabbitConnectionFactory#6aa7b67f:0/SimpleConnection@6dcab9d9 [delegate=amqp://admin@127.0.0.1:5672/, localPort= 55895]
2023-08-05 11:06:08 -Started Application in 2.089 seconds (JVM running for 2.384)
2023-08-05 11:08:17 -Initializing Spring DispatcherServlet 'dispatcherServlet'
2023-08-05 11:08:17 -Initializing Servlet 'dispatcherServlet'
2023-08-05 11:08:17 -Completed initialization in 1 ms
2023-08-05 11:13:39 -Starting AppServiceApplication using Java 1.8.0_362 on xiongweiMac.local with PID 8958 (/Users/xiongwei/project/java/E-IM-Server/im-server/target/classes started by xiongwei in /Users/xiongwei/project/java/E-IM-Server)
2023-08-05 11:13:39 -HV000001: Hibernate Validator 6.2.5.Final
2023-08-05 11:13:39 -The following 1 profile is active: "dev"
2023-08-05 11:13:40 -Tomcat initialized with port(s): 8989 (http)
2023-08-05 11:13:40 -Root WebApplicationContext: initialization completed in 473 ms
2023-08-05 11:13:40 -Tomcat started on port(s): 8989 (http) with context path ''
2023-08-05 11:13:40 -Started AppServiceApplication in 1.14 seconds (JVM running for 1.401)
2023-08-05 11:13:42 -HV000001: Hibernate Validator 6.2.5.Final
2023-08-05 11:13:42 -Starting AppServiceApplication using Java 1.8.0_362 on xiongweiMac.local with PID 8961 (/Users/xiongwei/project/java/E-IM-Server/im-server/target/classes started by xiongwei in /Users/xiongwei/project/java/E-IM-Server)
2023-08-05 11:13:42 -The following 1 profile is active: "dev"
2023-08-05 11:13:43 -Tomcat initialized with port(s): 8989 (http)
2023-08-05 11:13:43 -Initializing ProtocolHandler ["http-nio-8989"]
2023-08-05 11:13:43 -Starting service [Tomcat]
2023-08-05 11:13:43 -Starting Servlet engine: [Apache Tomcat/9.0.73]
2023-08-05 11:13:43 -Initializing Spring embedded WebApplicationContext
2023-08-05 11:13:43 -Root WebApplicationContext: initialization completed in 479 ms
2023-08-05 11:13:43 -Starting ProtocolHandler ["http-nio-8989"]
2023-08-05 11:13:43 -Tomcat started on port(s): 8989 (http) with context path ''
2023-08-05 11:13:43 -Started AppServiceApplication in 1.172 seconds (JVM running for 1.444)
2023-08-05 11:14:05 -Initializing Spring DispatcherServlet 'dispatcherServlet'
2023-08-05 11:14:05 -Initializing Servlet 'dispatcherServlet'
2023-08-05 11:14:05 -Completed initialization in 1 ms
2023-08-05 11:14:05 -HikariPool-1 - Starting...
2023-08-05 11:14:05 -HikariPool-1 - Start completed.
2023-08-05 11:14:05 -Initializing Spring DispatcherServlet 'dispatcherServlet'
2023-08-05 11:14:05 -Initializing Servlet 'dispatcherServlet'
2023-08-05 11:14:05 -Completed initialization in 1 ms
2023-08-05 11:14:37 -Waiting for workers to finish.
2023-08-05 11:14:37 -Successfully waited for workers to finish.
2023-08-05 11:14:38 -Shutdown ignored - container is already stopped
2023-08-05 11:14:45 -HV000001: Hibernate Validator 6.2.5.Final
2023-08-05 11:14:45 -Starting Application using Java 1.8.0_362 on xiongweiMac.local with PID 8978 (/Users/xiongwei/project/java/E-IM-Server/im-service/target/classes started by xiongwei in /Users/xiongwei/project/java/E-IM-Server)
2023-08-05 11:14:45 -The following 1 profile is active: "dev"
2023-08-05 11:14:45 -Multiple Spring Data modules found, entering strict repository configuration mode
2023-08-05 11:14:45 -Bootstrapping Spring Data Redis repositories in DEFAULT mode.
2023-08-05 11:14:45 -Finished Spring Data repository scanning in 7 ms. Found 0 Redis repository interfaces.
2023-08-05 11:14:45 -Tomcat initialized with port(s): 8000 (http)
2023-08-05 11:14:45 -Initializing ProtocolHandler ["http-nio-8000"]
2023-08-05 11:14:45 -Starting service [Tomcat]
2023-08-05 11:14:45 -Starting Servlet engine: [Apache Tomcat/9.0.73]
2023-08-05 11:14:45 -Initializing Spring embedded WebApplicationContext
2023-08-05 11:14:45 -Root WebApplicationContext: initialization completed in 738 ms
2023-08-05 11:14:46 -Starting ProtocolHandler ["http-nio-8000"]
2023-08-05 11:14:46 -Tomcat started on port(s): 8000 (http) with context path ''
2023-08-05 11:14:46 -Attempting to connect to: [localhost:5672]
2023-08-05 11:14:46 -Created new connection: rabbitConnectionFactory#6aa7b67f:0/SimpleConnection@18dcb8a7 [delegate=amqp://admin@127.0.0.1:5672/, localPort= 57829]
2023-08-05 11:14:46 -Started Application in 2.022 seconds (JVM running for 2.31)
2023-08-05 11:15:04 -Initializing Spring DispatcherServlet 'dispatcherServlet'
2023-08-05 11:15:04 -Initializing Servlet 'dispatcherServlet'
2023-08-05 11:15:04 -Completed initialization in 1 ms
2023-08-05 11:53:04 -Restarting Consumer@435e416c: tags=[[amq.ctag-4rCEh-r3pwywNq4oQEXVEQ]], channel=Cached Rabbit Channel: PublisherCallbackChannelImpl: AMQChannel(amqp://admin@127.0.0.1:5672/,1), conn: Proxy@4a50c746 Shared Rabbit Connection: SimpleConnection@18dcb8a7 [delegate=amqp://admin@127.0.0.1:5672/, localPort= 57829], acknowledgeMode=MANUAL local queue size=0
2023-08-05 11:53:04 -Attempting to connect to: [localhost:5672]
2023-08-05 11:53:04 -Created new connection: rabbitConnectionFactory#6aa7b67f:1/SimpleConnection@56acb158 [delegate=amqp://admin@127.0.0.1:5672/, localPort= 49437]
2023-08-05 11:54:24 -Waiting for workers to finish.
2023-08-05 11:54:24 -Successfully waited for workers to finish.
2023-08-05 11:54:25 -Shutdown ignored - container is already stopped
2023-08-05 11:54:31 -HV000001: Hibernate Validator 6.2.5.Final
2023-08-05 11:54:31 -Starting Application using Java 1.8.0_362 on xiongweiMac.local with PID 9975 (/Users/xiongwei/project/java/E-IM-Server/im-service/target/classes started by xiongwei in /Users/xiongwei/project/java/E-IM-Server)
2023-08-05 11:54:31 -The following 1 profile is active: "dev"
2023-08-05 11:54:31 -Multiple Spring Data modules found, entering strict repository configuration mode
2023-08-05 11:54:31 -Bootstrapping Spring Data Redis repositories in DEFAULT mode.
2023-08-05 11:54:31 -Finished Spring Data repository scanning in 7 ms. Found 0 Redis repository interfaces.
2023-08-05 11:54:32 -Tomcat initialized with port(s): 8000 (http)
2023-08-05 11:54:32 -Initializing ProtocolHandler ["http-nio-8000"]
2023-08-05 11:54:32 -Starting service [Tomcat]
2023-08-05 11:54:32 -Starting Servlet engine: [Apache Tomcat/9.0.73]
2023-08-05 11:54:32 -Initializing Spring embedded WebApplicationContext
2023-08-05 11:54:32 -Root WebApplicationContext: initialization completed in 740 ms
2023-08-05 11:54:33 -Starting ProtocolHandler ["http-nio-8000"]
2023-08-05 11:54:33 -Tomcat started on port(s): 8000 (http) with context path ''
2023-08-05 11:54:33 -Attempting to connect to: [localhost:5672]
2023-08-05 11:54:33 -Created new connection: rabbitConnectionFactory#3e4e8fdf:0/SimpleConnection@3c7279a5 [delegate=amqp://admin@127.0.0.1:5672/, localPort= 49724]
2023-08-05 11:54:33 -Started Application in 2.029 seconds (JVM running for 2.315)
2023-08-05 11:54:36 -Initializing Spring DispatcherServlet 'dispatcherServlet'
2023-08-05 11:54:36 -Initializing Servlet 'dispatcherServlet'
2023-08-05 11:54:36 -Completed initialization in 1 ms
2023-08-05 12:34:33 -Waiting for workers to finish.
2023-08-05 12:34:33 -Successfully waited for workers to finish.
2023-08-05 12:34:34 -Shutdown ignored - container is already stopped
2023-08-05 12:34:41 -HV000001: Hibernate Validator 6.2.5.Final
2023-08-05 12:34:41 -Starting Application using Java 1.8.0_362 on xiongweiMac.local with PID 10670 (/Users/xiongwei/project/java/E-IM-Server/im-service/target/classes started by xiongwei in /Users/xiongwei/project/java/E-IM-Server)
2023-08-05 12:34:41 -The following 1 profile is active: "dev"
2023-08-05 12:34:41 -Multiple Spring Data modules found, entering strict repository configuration mode
2023-08-05 12:34:41 -Bootstrapping Spring Data Redis repositories in DEFAULT mode.
2023-08-05 12:34:41 -Finished Spring Data repository scanning in 7 ms. Found 0 Redis repository interfaces.
2023-08-05 12:34:41 -Tomcat initialized with port(s): 8000 (http)
2023-08-05 12:34:41 -Initializing ProtocolHandler ["http-nio-8000"]
2023-08-05 12:34:41 -Starting service [Tomcat]
2023-08-05 12:34:41 -Starting Servlet engine: [Apache Tomcat/9.0.73]
2023-08-05 12:34:41 -Initializing Spring embedded WebApplicationContext
2023-08-05 12:34:41 -Root WebApplicationContext: initialization completed in 718 ms
2023-08-05 12:34:42 -Starting ProtocolHandler ["http-nio-8000"]
2023-08-05 12:34:42 -Tomcat started on port(s): 8000 (http) with context path ''
2023-08-05 12:34:42 -Attempting to connect to: [localhost:5672]
2023-08-05 12:34:42 -Created new connection: rabbitConnectionFactory#53e76c11:0/SimpleConnection@26e0d39c [delegate=amqp://admin@127.0.0.1:5672/, localPort= 57484]
2023-08-05 12:34:42 -Started Application in 2.016 seconds (JVM running for 2.355)
2023-08-05 12:34:48 -HikariPool-1 - Shutdown initiated...
2023-08-05 12:34:48 -HikariPool-1 - Shutdown completed.
2023-08-05 12:34:49 -HV000001: Hibernate Validator 6.2.5.Final
2023-08-05 12:34:49 -Starting AppServiceApplication using Java 1.8.0_362 on xiongweiMac.local with PID 10675 (/Users/xiongwei/project/java/E-IM-Server/im-server/target/classes started by xiongwei in /Users/xiongwei/project/java/E-IM-Server)
2023-08-05 12:34:49 -The following 1 profile is active: "dev"
2023-08-05 12:34:50 -Tomcat initialized with port(s): 8989 (http)
2023-08-05 12:34:50 -Initializing ProtocolHandler ["http-nio-8989"]
2023-08-05 12:34:50 -Starting service [Tomcat]
2023-08-05 12:34:50 -Starting Servlet engine: [Apache Tomcat/9.0.73]
2023-08-05 12:34:50 -Initializing Spring embedded WebApplicationContext
2023-08-05 12:34:50 -Root WebApplicationContext: initialization completed in 481 ms
2023-08-05 12:34:50 -Starting ProtocolHandler ["http-nio-8989"]
2023-08-05 12:34:50 -Tomcat started on port(s): 8989 (http) with context path ''
2023-08-05 12:34:50 -Started AppServiceApplication in 1.162 seconds (JVM running for 1.43)
2023-08-05 12:35:07 -Initializing Spring DispatcherServlet 'dispatcherServlet'
2023-08-05 12:35:07 -Initializing Servlet 'dispatcherServlet'
2023-08-05 12:35:07 -Completed initialization in 2 ms
2023-08-05 12:35:07 -HikariPool-1 - Starting...
2023-08-05 12:35:07 -HikariPool-1 - Start completed.
2023-08-05 14:16:32 -Initializing Spring DispatcherServlet 'dispatcherServlet'
2023-08-05 14:16:32 -Initializing Servlet 'dispatcherServlet'
2023-08-05 14:16:32 -Completed initialization in 2 ms
2023-08-05 17:15:30 -HikariPool-1 - Thread starvation or clock leap detected (housekeeper delta=7m51s192ms).
2023-08-05 17:16:20 -HikariPool-1 - Thread starvation or clock leap detected (housekeeper delta=49s36ms).
2023-08-05 17:18:59 -HikariPool-1 - Thread starvation or clock leap detected (housekeeper delta=2m9s298ms).
2023-08-05 19:56:14 -HikariPool-1 - Thread starvation or clock leap detected (housekeeper delta=2m43s832ms).
2023-08-05 20:45:39 -HikariPool-1 - Thread starvation or clock leap detected (housekeeper delta=48m54s379ms).
2023-08-05 20:56:10 -HikariPool-1 - Thread starvation or clock leap detected (housekeeper delta=10m1s629ms).
2023-08-05 20:57:20 -HikariPool-1 - Thread starvation or clock leap detected (housekeeper delta=1m10s113ms).
2023-08-05 21:13:45 -HikariPool-1 - Thread starvation or clock leap detected (housekeeper delta=15m54s887ms).
2023-08-05 21:29:31 -HikariPool-1 - Thread starvation or clock leap detected (housekeeper delta=15m46s53ms).
2023-08-05 22:02:36 -HikariPool-1 - Thread starvation or clock leap detected (housekeeper delta=33m5s30ms).
2023-08-05 23:40:23 -HikariPool-1 - Thread starvation or clock leap detected (housekeeper delta=1h37m46s468ms).
